Copyright 1986-2022 Xilinx, Inc. All Rights Reserved. Copyright 2022-2023 Advanced Micro Devices, Inc. All Rights Reserved.
-------------------------------------------------------------------------------------------------------------------------------------------------------------------------------------
| Tool Version      : Vivado v.2023.1 (lin64) Build 3865809 Sun May  7 15:04:56 MDT 2023
| Date              : Sun Apr 19 17:40:55 2026
| Host              : MSI running 64-bit Ubuntu 22.04.5 LTS
| Command           : report_timing_summary -file /home/cian/Masterproef/project/results/run_lut_insertion/2026-04-19_17-35-29/baseline_impl/reports/post_route_timing_timingexp.rpt
| Design            : top
| Device            : xcu200-fsgd2104
| Speed File        : -2  PRODUCTION 1.28 03-30-2022
| Design State      : Routed
| Temperature Grade : E
-------------------------------------------------------------------------------------------------------------------------------------------------------------------------------------

Timing Summary Report

------------------------------------------------------------------------------------------------
| Timer Settings
| --------------
------------------------------------------------------------------------------------------------

  Enable Multi Corner Analysis               :  Yes
  Enable Pessimism Removal                   :  Yes
  Pessimism Removal Resolution               :  Nearest Common Node
  Enable Input Delay Default Clock           :  No
  Enable Preset / Clear Arcs                 :  No
  Disable Flight Delays                      :  No
  Ignore I/O Paths                           :  No
  Timing Early Launch at Borrowing Latches   :  No
  Borrow Time for Max Delay Exceptions       :  Yes
  Merge Timing Exceptions                    :  Yes

  Corner  Analyze    Analyze    
  Name    Max Paths  Min Paths  
  ------  ---------  ---------  
  Slow    Yes        Yes        
  Fast    Yes        Yes        


------------------------------------------------------------------------------------------------
| Report Methodology
| ------------------
------------------------------------------------------------------------------------------------

No report available as report_methodology has not been run prior. Run report_methodology on the current design for the summary of methodology violations.



check_timing report

Table of Contents
-----------------
1. checking no_clock (0)
2. checking constant_clock (0)
3. checking pulse_width_clock (0)
4. checking unconstrained_internal_endpoints (0)
5. checking no_input_delay (0)
6. checking no_output_delay (0)
7. checking multiple_clock (0)
8. checking generated_clocks (0)
9. checking loops (0)
10. checking partial_input_delay (256)
11. checking partial_output_delay (0)
12. checking latch_loops (0)

1. checking no_clock (0)
------------------------
 There are 0 register/latch pins with no clock.


2. checking constant_clock (0)
------------------------------
 There are 0 register/latch pins with constant_clock.


3. checking pulse_width_clock (0)
---------------------------------
 There are 0 register/latch pins which need pulse_width check


4. checking unconstrained_internal_endpoints (0)
------------------------------------------------
 There are 0 pins that are not constrained for maximum delay.

 There are 0 pins that are not constrained for maximum delay due to constant clock.


5. checking no_input_delay (0)
------------------------------
 There are 0 input ports with no input delay specified.

 There are 0 input ports with no input delay but user has a false path constraint.


6. checking no_output_delay (0)
-------------------------------
 There are 0 ports with no output delay specified.

 There are 0 ports with no output delay but user has a false path constraint

 There are 0 ports with no output delay but with a timing clock defined on it or propagating through it


7. checking multiple_clock (0)
------------------------------
 There are 0 register/latch pins with multiple clocks.


8. checking generated_clocks (0)
--------------------------------
 There are 0 generated clocks that are not connected to a clock source.


9. checking loops (0)
---------------------
 There are 0 combinational loops in the design.


10. checking partial_input_delay (256)
--------------------------------------
 There are 256 input ports with partial input delay specified. (HIGH)


11. checking partial_output_delay (0)
-------------------------------------
 There are 0 ports with partial output delay specified.


12. checking latch_loops (0)
----------------------------
 There are 0 combinational latch loops in the design through latch input



------------------------------------------------------------------------------------------------
| Design Timing Summary
| ---------------------
------------------------------------------------------------------------------------------------

    WNS(ns)      TNS(ns)  TNS Failing Endpoints  TNS Total Endpoints      WHS(ns)      THS(ns)  THS Failing Endpoints  THS Total Endpoints     WPWS(ns)     TPWS(ns)  TPWS Failing Endpoints  TPWS Total Endpoints  
    -------      -------  ---------------------  -------------------      -------      -------  ---------------------  -------------------     --------     --------  ----------------------  --------------------  
     -8.435     -683.477                    128                  128           NA           NA                     NA                   NA           NA           NA                      NA                    NA  


Timing constraints are not met.


------------------------------------------------------------------------------------------------
| Clock Summary
| -------------
------------------------------------------------------------------------------------------------


------------------------------------------------------------------------------------------------
| Intra Clock Table
| -----------------
------------------------------------------------------------------------------------------------

Clock             WNS(ns)      TNS(ns)  TNS Failing Endpoints  TNS Total Endpoints      WHS(ns)      THS(ns)  THS Failing Endpoints  THS Total Endpoints     WPWS(ns)     TPWS(ns)  TPWS Failing Endpoints  TPWS Total Endpoints  
-----             -------      -------  ---------------------  -------------------      -------      -------  ---------------------  -------------------     --------     --------  ----------------------  --------------------  


------------------------------------------------------------------------------------------------
| Inter Clock Table
| -----------------
------------------------------------------------------------------------------------------------

From Clock    To Clock          WNS(ns)      TNS(ns)  TNS Failing Endpoints  TNS Total Endpoints      WHS(ns)      THS(ns)  THS Failing Endpoints  THS Total Endpoints  
----------    --------          -------      -------  ---------------------  -------------------      -------      -------  ---------------------  -------------------  


------------------------------------------------------------------------------------------------
| Other Path Groups Table
| -----------------------
------------------------------------------------------------------------------------------------

Path Group        From Clock        To Clock              WNS(ns)      TNS(ns)  TNS Failing Endpoints  TNS Total Endpoints      WHS(ns)      THS(ns)  THS Failing Endpoints  THS Total Endpoints  
----------        ----------        --------              -------      -------  ---------------------  -------------------      -------      -------  ---------------------  -------------------  
**default**       input port clock                         -8.435     -683.477                    128                  128                                                                        


------------------------------------------------------------------------------------------------
| Timing Details
| --------------
------------------------------------------------------------------------------------------------


---------------------------------------------------------------------------------------------------
Path Group:  **default**
From Clock:  input port clock
  To Clock:  

Setup :          128  Failing Endpoints,  Worst Slack       -8.435ns,  Total Violation     -683.477ns
Hold  :           NA  Failing Endpoints,  Worst Slack           NA  ,  Total Violation           NA
---------------------------------------------------------------------------------------------------


Max Delay Paths
--------------------------------------------------------------------------------------
Slack (VIOLATED) :        -8.435ns  (required time - arrival time)
  Source:                 b[2]
                            (input port)
  Destination:            f[99]
  Path Group:             **default**
  Path Type:              Max at Slow Process Corner
  Requirement:            5.000ns  (MaxDelay Path 5.000ns)
  Data Path Delay:        13.435ns  (logic 3.233ns (24.067%)  route 10.201ns (75.933%))
  Logic Levels:           44  (IBUFCTRL=1 INBUF=1 LUT3=1 LUT5=3 LUT6=37 OBUF=1)
  Output Delay:           0.000ns
  Timing Exception:       MaxDelay Path 5.000ns -datapath_only

    Location             Delay type                Incr(ns)  Path(ns)    Netlist Resource(s)
  -------------------------------------------------------------------    -------------------
    AW21                                              0.000     0.000 f  b[2] (IN)
                         net (fo=0)                   0.000     0.000    f[2]_INST_0_i_3/I
    AW21                 INBUF (Prop_INBUF_HPIOB_M_PAD_O)
                                                      0.593     0.593 f  f[2]_INST_0_i_3/INBUF_INST/O
                         net (fo=1, routed)           0.000     0.593    f[2]_INST_0_i_3/OUT
    AW21                 IBUFCTRL (Prop_IBUFCTRL_HPIOB_M_I_O)
                                                      0.000     0.593 f  f[2]_INST_0_i_3/IBUFCTRL_INST/O
                         net (fo=2, routed)           2.322     2.915    f[2]_INST_0_i_3_n_0
    SLICE_X101Y472       LUT6 (Prop_G6LUT_SLICEL_I5_O)
                                                      0.050     2.965 r  f[3]_INST_0_i_4/O
                         net (fo=4, routed)           0.094     3.059    p_624_in
    SLICE_X101Y472       LUT6 (Prop_F6LUT_SLICEL_I5_O)
                                                      0.097     3.156 r  f[13]_INST_0_i_7/O
                         net (fo=1, routed)           0.213     3.369    f[13]_INST_0_i_7_n_0
    SLICE_X101Y481       LUT6 (Prop_H6LUT_SLICEL_I0_O)
                                                      0.036     3.405 r  f[13]_INST_0_i_6/O
                         net (fo=2, routed)           0.208     3.613    p_599_in
    SLICE_X106Y481       LUT6 (Prop_H6LUT_SLICEL_I5_O)
                                                      0.036     3.649 r  f[18]_INST_0_i_7/O
                         net (fo=1, routed)           0.089     3.738    f[18]_INST_0_i_7_n_0
    SLICE_X107Y481       LUT6 (Prop_G6LUT_SLICEM_I0_O)
                                                      0.037     3.775 r  f[18]_INST_0_i_6/O
                         net (fo=2, routed)           0.152     3.927    p_574_in
    SLICE_X108Y479       LUT6 (Prop_E6LUT_SLICEM_I5_O)
                                                      0.037     3.964 r  f[23]_INST_0_i_7/O
                         net (fo=1, routed)           0.040     4.004    f[23]_INST_0_i_7_n_0
    SLICE_X108Y479       LUT6 (Prop_C6LUT_SLICEM_I0_O)
                                                      0.037     4.041 r  f[23]_INST_0_i_6/O
                         net (fo=2, routed)           0.138     4.179    p_549_in
    SLICE_X108Y476       LUT6 (Prop_C6LUT_SLICEM_I5_O)
                                                      0.037     4.216 r  f[28]_INST_0_i_7/O
                         net (fo=1, routed)           0.040     4.256    f[28]_INST_0_i_7_n_0
    SLICE_X108Y476       LUT6 (Prop_D6LUT_SLICEM_I0_O)
                                                      0.037     4.293 r  f[28]_INST_0_i_6/O
                         net (fo=2, routed)           0.085     4.379    p_524_in
    SLICE_X109Y476       LUT6 (Prop_D6LUT_SLICEL_I5_O)
                                                      0.050     4.429 r  f[33]_INST_0_i_7/O
                         net (fo=1, routed)           0.038     4.467    f[33]_INST_0_i_7_n_0
    SLICE_X109Y476       LUT6 (Prop_F6LUT_SLICEL_I0_O)
                                                      0.035     4.502 r  f[33]_INST_0_i_6/O
                         net (fo=2, routed)           0.091     4.593    p_499_in
    SLICE_X110Y476       LUT6 (Prop_F6LUT_SLICEM_I5_O)
                                                      0.051     4.644 r  f[38]_INST_0_i_7/O
                         net (fo=1, routed)           0.087     4.731    f[38]_INST_0_i_7_n_0
    SLICE_X110Y475       LUT6 (Prop_H6LUT_SLICEM_I0_O)
                                                      0.053     4.784 r  f[38]_INST_0_i_6/O
                         net (fo=2, routed)           0.203     4.986    p_474_in
    SLICE_X109Y470       LUT6 (Prop_E6LUT_SLICEL_I5_O)
                                                      0.051     5.037 r  f[43]_INST_0_i_7/O
                         net (fo=1, routed)           0.038     5.075    f[43]_INST_0_i_7_n_0
    SLICE_X109Y470       LUT6 (Prop_C6LUT_SLICEL_I0_O)
                                                      0.035     5.110 r  f[43]_INST_0_i_6/O
                         net (fo=2, routed)           0.098     5.209    p_449_in
    SLICE_X109Y468       LUT6 (Prop_A6LUT_SLICEL_I5_O)
                                                      0.035     5.244 r  f[48]_INST_0_i_7/O
                         net (fo=1, routed)           0.040     5.284    f[48]_INST_0_i_7_n_0
    SLICE_X109Y468       LUT6 (Prop_C6LUT_SLICEL_I0_O)
                                                      0.035     5.319 r  f[48]_INST_0_i_6/O
                         net (fo=2, routed)           0.098     5.417    p_424_in
    SLICE_X109Y466       LUT6 (Prop_C6LUT_SLICEL_I5_O)
                                                      0.035     5.452 r  f[53]_INST_0_i_7/O
                         net (fo=1, routed)           0.044     5.496    f[53]_INST_0_i_7_n_0
    SLICE_X109Y465       LUT6 (Prop_H6LUT_SLICEL_I0_O)
                                                      0.036     5.532 r  f[53]_INST_0_i_6/O
                         net (fo=2, routed)           0.187     5.718    p_399_in
    SLICE_X106Y464       LUT6 (Prop_C6LUT_SLICEL_I5_O)
                                                      0.035     5.753 r  f[58]_INST_0_i_7/O
                         net (fo=1, routed)           0.089     5.842    f[58]_INST_0_i_7_n_0
    SLICE_X106Y464       LUT6 (Prop_D6LUT_SLICEL_I0_O)
                                                      0.089     5.931 r  f[58]_INST_0_i_6/O
                         net (fo=2, routed)           0.049     5.980    p_374_in
    SLICE_X106Y464       LUT6 (Prop_H6LUT_SLICEL_I5_O)
                                                      0.099     6.079 r  f[63]_INST_0_i_7/O
                         net (fo=1, routed)           0.189     6.268    f[63]_INST_0_i_7_n_0
    SLICE_X103Y465       LUT6 (Prop_A6LUT_SLICEL_I0_O)
                                                      0.035     6.303 r  f[63]_INST_0_i_6/O
                         net (fo=2, routed)           0.176     6.479    p_349_in
    SLICE_X98Y465        LUT6 (Prop_A6LUT_SLICEL_I5_O)
                                                      0.035     6.514 r  f[68]_INST_0_i_7/O
                         net (fo=1, routed)           0.040     6.554    f[68]_INST_0_i_7_n_0
    SLICE_X98Y465        LUT6 (Prop_C6LUT_SLICEL_I0_O)
                                                      0.035     6.589 r  f[68]_INST_0_i_6/O
                         net (fo=2, routed)           0.087     6.676    p_324_in
    SLICE_X97Y465        LUT6 (Prop_C6LUT_SLICEM_I5_O)
                                                      0.037     6.713 r  f[73]_INST_0_i_7/O
                         net (fo=1, routed)           0.093     6.806    f[73]_INST_0_i_7_n_0
    SLICE_X97Y467        LUT6 (Prop_C6LUT_SLICEM_I0_O)
                                                      0.037     6.843 r  f[73]_INST_0_i_6/O
                         net (fo=2, routed)           0.347     7.190    p_299_in
    SLICE_X94Y471        LUT6 (Prop_C6LUT_SLICEL_I5_O)
                                                      0.035     7.225 r  f[78]_INST_0_i_7/O
                         net (fo=1, routed)           0.041     7.266    f[78]_INST_0_i_7_n_0
    SLICE_X94Y471        LUT6 (Prop_D6LUT_SLICEL_I0_O)
                                                      0.036     7.302 r  f[78]_INST_0_i_6/O
                         net (fo=2, routed)           0.044     7.346    p_274_in
    SLICE_X94Y471        LUT6 (Prop_E6LUT_SLICEL_I5_O)
                                                      0.035     7.381 r  f[83]_INST_0_i_7/O
                         net (fo=1, routed)           0.380     7.761    f[83]_INST_0_i_7_n_0
    SLICE_X91Y496        LUT6 (Prop_E6LUT_SLICEL_I0_O)
                                                      0.035     7.796 r  f[83]_INST_0_i_6/O
                         net (fo=2, routed)           0.044     7.840    p_249_in
    SLICE_X91Y496        LUT6 (Prop_C6LUT_SLICEL_I5_O)
                                                      0.035     7.875 r  f[88]_INST_0_i_7/O
                         net (fo=1, routed)           0.088     7.963    f[88]_INST_0_i_7_n_0
    SLICE_X90Y496        LUT6 (Prop_C6LUT_SLICEM_I0_O)
                                                      0.037     8.000 r  f[88]_INST_0_i_6/O
                         net (fo=2, routed)           0.099     8.099    p_224_in
    SLICE_X90Y498        LUT6 (Prop_C6LUT_SLICEM_I5_O)
                                                      0.037     8.136 r  f[93]_INST_0_i_7/O
                         net (fo=1, routed)           0.040     8.176    f[93]_INST_0_i_7_n_0
    SLICE_X90Y498        LUT6 (Prop_D6LUT_SLICEM_I0_O)
                                                      0.037     8.213 r  f[93]_INST_0_i_6/O
                         net (fo=2, routed)           0.042     8.255    p_199_in
    SLICE_X90Y498        LUT6 (Prop_F6LUT_SLICEM_I5_O)
                                                      0.037     8.292 r  f[98]_INST_0_i_7/O
                         net (fo=1, routed)           0.040     8.332    f[98]_INST_0_i_7_n_0
    SLICE_X90Y498        LUT6 (Prop_G6LUT_SLICEM_I0_O)
                                                      0.037     8.369 r  f[98]_INST_0_i_6/O
                         net (fo=2, routed)           0.369     8.738    p_174_in
    SLICE_X85Y510        LUT5 (Prop_E6LUT_SLICEL_I0_O)
                                                      0.035     8.773 r  f[98]_INST_0_i_5/O
                         net (fo=1, routed)           0.038     8.811    p_164_in
    SLICE_X85Y510        LUT5 (Prop_C6LUT_SLICEL_I0_O)
                                                      0.035     8.846 r  f[98]_INST_0_i_4/O
                         net (fo=2, routed)           0.045     8.891    p_154_in
    SLICE_X85Y510        LUT5 (Prop_D6LUT_SLICEL_I0_O)
                                                      0.036     8.927 r  f[99]_INST_0_i_4/O
                         net (fo=3, routed)           0.093     9.020    p_144_in
    SLICE_X85Y511        LUT3 (Prop_F6LUT_SLICEL_I2_O)
                                                      0.035     9.055 r  f[99]_INST_0_i_1/O
                         net (fo=1, routed)           3.463    12.518    f[99]_INST_0_i_1_n_0
    SLR Crossing[1->2]   
    H16                  OBUF (Prop_OUTBUF_HPIOB_S_I_O)
                                                      0.917    13.435 r  f[99]_INST_0/O
                         net (fo=0)                   0.000    13.435    f[99]
    H16                                                               r  f[99] (OUT)
  -------------------------------------------------------------------    -------------------

                         max delay                    5.000     5.000    
                         output delay                -0.000     5.000    
  -------------------------------------------------------------------
                         required time                          5.000    
                         arrival time                         -13.435    
  -------------------------------------------------------------------
                         slack                                 -8.435    





