Copyright 1986-2022 Xilinx, Inc. All Rights Reserved. Copyright 2022-2023 Advanced Micro Devices, Inc. All Rights Reserved.
-----------------------------------------------------------------------------------------------------------------------------------------------------------------------
| Tool Version : Vivado v.2023.1 (lin64) Build 3865809 Sun May  7 15:04:56 MDT 2023
| Date         : Sat Apr 18 16:49:12 2026
| Host         : MSI running 64-bit Ubuntu 22.04.5 LTS
| Command      : report_timing_summary -file /home/cian/Masterproef/project/results/run_lut_insertion/2026-04-18_16-43-20/final_verification/eco_post_route_timing.rpt
| Design       : top
| Device       : 7a200t-fbg676
| Speed File   : -1  PRODUCTION 1.23 2018-06-13
| Design State : Routed
-----------------------------------------------------------------------------------------------------------------------------------------------------------------------

Timing Summary Report

------------------------------------------------------------------------------------------------
| Timer Settings
| --------------
------------------------------------------------------------------------------------------------

  Enable Multi Corner Analysis               :  Yes
  Enable Pessimism Removal                   :  Yes
  Pessimism Removal Resolution               :  Nearest Common Node
  Enable Input Delay Default Clock           :  No
  Enable Preset / Clear Arcs                 :  No
  Disable Flight Delays                      :  No
  Ignore I/O Paths                           :  No
  Timing Early Launch at Borrowing Latches   :  No
  Borrow Time for Max Delay Exceptions       :  Yes
  Merge Timing Exceptions                    :  Yes

  Corner  Analyze    Analyze    
  Name    Max Paths  Min Paths  
  ------  ---------  ---------  
  Slow    Yes        Yes        
  Fast    Yes        Yes        


------------------------------------------------------------------------------------------------
| Report Methodology
| ------------------
------------------------------------------------------------------------------------------------

No report available as report_methodology has not been run prior. Run report_methodology on the current design for the summary of methodology violations.



check_timing report

Table of Contents
-----------------
1. checking no_clock (0)
2. checking constant_clock (0)
3. checking pulse_width_clock (0)
4. checking unconstrained_internal_endpoints (0)
5. checking no_input_delay (0)
6. checking no_output_delay (0)
7. checking multiple_clock (0)
8. checking generated_clocks (0)
9. checking loops (0)
10. checking partial_input_delay (256)
11. checking partial_output_delay (0)
12. checking latch_loops (0)

1. checking no_clock (0)
------------------------
 There are 0 register/latch pins with no clock.


2. checking constant_clock (0)
------------------------------
 There are 0 register/latch pins with constant_clock.


3. checking pulse_width_clock (0)
---------------------------------
 There are 0 register/latch pins which need pulse_width check


4. checking unconstrained_internal_endpoints (0)
------------------------------------------------
 There are 0 pins that are not constrained for maximum delay.

 There are 0 pins that are not constrained for maximum delay due to constant clock.


5. checking no_input_delay (0)
------------------------------
 There are 0 input ports with no input delay specified.

 There are 0 input ports with no input delay but user has a false path constraint.


6. checking no_output_delay (0)
-------------------------------
 There are 0 ports with no output delay specified.

 There are 0 ports with no output delay but user has a false path constraint

 There are 0 ports with no output delay but with a timing clock defined on it or propagating through it


7. checking multiple_clock (0)
------------------------------
 There are 0 register/latch pins with multiple clocks.


8. checking generated_clocks (0)
--------------------------------
 There are 0 generated clocks that are not connected to a clock source.


9. checking loops (0)
---------------------
 There are 0 combinational loops in the design.


10. checking partial_input_delay (256)
--------------------------------------
 There are 256 input ports with partial input delay specified. (HIGH)


11. checking partial_output_delay (0)
-------------------------------------
 There are 0 ports with partial output delay specified.


12. checking latch_loops (0)
----------------------------
 There are 0 combinational latch loops in the design through latch input



------------------------------------------------------------------------------------------------
| Design Timing Summary
| ---------------------
------------------------------------------------------------------------------------------------

    WNS(ns)      TNS(ns)  TNS Failing Endpoints  TNS Total Endpoints      WHS(ns)      THS(ns)  THS Failing Endpoints  THS Total Endpoints     WPWS(ns)     TPWS(ns)  TPWS Failing Endpoints  TPWS Total Endpoints  
    -------      -------  ---------------------  -------------------      -------      -------  ---------------------  -------------------     --------     --------  ----------------------  --------------------  
    -32.007    -2674.372                    128                  128           NA           NA                     NA                   NA           NA           NA                      NA                    NA  


Timing constraints are not met.


------------------------------------------------------------------------------------------------
| Clock Summary
| -------------
------------------------------------------------------------------------------------------------


------------------------------------------------------------------------------------------------
| Intra Clock Table
| -----------------
------------------------------------------------------------------------------------------------

Clock             WNS(ns)      TNS(ns)  TNS Failing Endpoints  TNS Total Endpoints      WHS(ns)      THS(ns)  THS Failing Endpoints  THS Total Endpoints     WPWS(ns)     TPWS(ns)  TPWS Failing Endpoints  TPWS Total Endpoints  
-----             -------      -------  ---------------------  -------------------      -------      -------  ---------------------  -------------------     --------     --------  ----------------------  --------------------  


------------------------------------------------------------------------------------------------
| Inter Clock Table
| -----------------
------------------------------------------------------------------------------------------------

From Clock    To Clock          WNS(ns)      TNS(ns)  TNS Failing Endpoints  TNS Total Endpoints      WHS(ns)      THS(ns)  THS Failing Endpoints  THS Total Endpoints  
----------    --------          -------      -------  ---------------------  -------------------      -------      -------  ---------------------  -------------------  


------------------------------------------------------------------------------------------------
| Other Path Groups Table
| -----------------------
------------------------------------------------------------------------------------------------

Path Group        From Clock        To Clock              WNS(ns)      TNS(ns)  TNS Failing Endpoints  TNS Total Endpoints      WHS(ns)      THS(ns)  THS Failing Endpoints  THS Total Endpoints  
----------        ----------        --------              -------      -------  ---------------------  -------------------      -------      -------  ---------------------  -------------------  
**default**       input port clock                        -32.007    -2674.372                    128                  128                                                                        


------------------------------------------------------------------------------------------------
| Timing Details
| --------------
------------------------------------------------------------------------------------------------


---------------------------------------------------------------------------------------------------
Path Group:  **default**
From Clock:  input port clock
  To Clock:  

Setup :          128  Failing Endpoints,  Worst Slack      -32.007ns,  Total Violation    -2674.372ns
Hold  :           NA  Failing Endpoints,  Worst Slack           NA  ,  Total Violation           NA
---------------------------------------------------------------------------------------------------


Max Delay Paths
--------------------------------------------------------------------------------------
Slack (VIOLATED) :        -32.007ns  (required time - arrival time)
  Source:                 a[14]
                            (input port)
  Destination:            f[125]
  Path Group:             **default**
  Path Type:              Max at Slow Process Corner
  Requirement:            5.000ns  (MaxDelay Path 5.000ns)
  Data Path Delay:        37.007ns  (logic 9.301ns (25.134%)  route 27.705ns (74.866%))
  Logic Levels:           48  (IBUF=1 LUT5=4 LUT6=42 OBUF=1)
  Output Delay:           0.000ns
  Timing Exception:       MaxDelay Path 5.000ns -datapath_only

    Location             Delay type                Incr(ns)  Path(ns)    Netlist Resource(s)
  -------------------------------------------------------------------    -------------------
    Y6                                                0.000     0.000 f  a[14] (IN)
                         net (fo=0)                   0.000     0.000    a[14]
    Y6                   IBUF (Prop_ibuf_I_O)         0.965     0.965 f  f[14]_INST_0_i_2/O
                         net (fo=5, routed)           6.859     7.824    f[14]_INST_0_i_2_n_0
    SLICE_X37Y110        LUT6 (Prop_lut6_I2_O)        0.124     7.948 r  f[23]_INST_0_i_7/O
                         net (fo=1, routed)           0.305     8.253    f[23]_INST_0_i_7_n_0
    SLICE_X36Y112        LUT6 (Prop_lut6_I0_O)        0.124     8.377 r  f[23]_INST_0_i_6/O
                         net (fo=2, routed)           0.844     9.221    p_549_in
    SLICE_X23Y116        LUT6 (Prop_lut6_I5_O)        0.124     9.345 r  f[28]_INST_0_i_7/O
                         net (fo=1, routed)           0.154     9.499    f[28]_INST_0_i_7_n_0
    SLICE_X23Y116        LUT6 (Prop_lut6_I0_O)        0.124     9.623 r  f[28]_INST_0_i_6/O
                         net (fo=2, routed)           0.315     9.939    p_524_in
    SLICE_X21Y116        LUT6 (Prop_lut6_I5_O)        0.124    10.063 r  f[33]_INST_0_i_7/O
                         net (fo=1, routed)           0.516    10.578    f[33]_INST_0_i_7_n_0
    SLICE_X17Y121        LUT6 (Prop_lut6_I0_O)        0.124    10.702 r  f[33]_INST_0_i_6/O
                         net (fo=2, routed)           0.161    10.863    p_499_in
    SLICE_X17Y121        LUT6 (Prop_lut6_I5_O)        0.124    10.987 r  f[38]_INST_0_i_7/O
                         net (fo=1, routed)           0.734    11.721    f[38]_INST_0_i_7_n_0
    SLICE_X5Y121         LUT6 (Prop_lut6_I0_O)        0.124    11.845 r  f[38]_INST_0_i_6/O
                         net (fo=2, routed)           0.160    12.005    p_474_in
    SLICE_X5Y121         LUT6 (Prop_lut6_I5_O)        0.124    12.129 r  f[43]_INST_0_i_7/O
                         net (fo=1, routed)           0.436    12.564    f[43]_INST_0_i_7_n_0
    SLICE_X5Y124         LUT6 (Prop_lut6_I0_O)        0.124    12.688 r  f[43]_INST_0_i_6/O
                         net (fo=2, routed)           0.161    12.849    p_449_in
    SLICE_X5Y124         LUT6 (Prop_lut6_I5_O)        0.124    12.973 r  f[48]_INST_0_i_7/O
                         net (fo=1, routed)           0.661    13.634    f[48]_INST_0_i_7_n_0
    SLICE_X5Y133         LUT6 (Prop_lut6_I0_O)        0.124    13.758 r  f[48]_INST_0_i_6/O
                         net (fo=2, routed)           0.166    13.924    p_424_in
    SLICE_X5Y133         LUT6 (Prop_lut6_I5_O)        0.124    14.048 r  f[53]_INST_0_i_7/O
                         net (fo=1, routed)           0.154    14.202    f[53]_INST_0_i_7_n_0
    SLICE_X5Y133         LUT6 (Prop_lut6_I0_O)        0.124    14.326 r  f[53]_INST_0_i_6/O
                         net (fo=2, routed)           0.442    14.768    p_399_in
    SLICE_X1Y134         LUT6 (Prop_lut6_I5_O)        0.124    14.892 r  f[58]_INST_0_i_7/O
                         net (fo=1, routed)           0.298    15.190    f[58]_INST_0_i_7_n_0
    SLICE_X1Y136         LUT6 (Prop_lut6_I0_O)        0.124    15.314 r  f[58]_INST_0_i_6/O
                         net (fo=2, routed)           0.294    15.607    p_374_in
    SLICE_X3Y136         LUT6 (Prop_lut6_I5_O)        0.124    15.731 r  f[63]_INST_0_i_7/O
                         net (fo=1, routed)           0.289    16.021    f[63]_INST_0_i_7_n_0
    SLICE_X3Y137         LUT6 (Prop_lut6_I0_O)        0.124    16.145 r  f[63]_INST_0_i_6/O
                         net (fo=2, routed)           0.291    16.436    p_349_in
    SLICE_X1Y137         LUT6 (Prop_lut6_I5_O)        0.124    16.560 r  f[68]_INST_0_i_7/O
                         net (fo=1, routed)           0.151    16.711    f[68]_INST_0_i_7_n_0
    SLICE_X1Y137         LUT6 (Prop_lut6_I0_O)        0.124    16.835 r  f[68]_INST_0_i_6/O
                         net (fo=2, routed)           0.295    17.130    p_324_in
    SLICE_X3Y137         LUT6 (Prop_lut6_I5_O)        0.124    17.254 r  f[73]_INST_0_i_7/O
                         net (fo=1, routed)           0.302    17.556    f[73]_INST_0_i_7_n_0
    SLICE_X2Y136         LUT6 (Prop_lut6_I0_O)        0.124    17.680 r  f[73]_INST_0_i_6/O
                         net (fo=2, routed)           0.177    17.857    p_299_in
    SLICE_X2Y136         LUT6 (Prop_lut6_I5_O)        0.124    17.981 r  f[78]_INST_0_i_7/O
                         net (fo=1, routed)           0.295    18.277    f[78]_INST_0_i_7_n_0
    SLICE_X3Y136         LUT6 (Prop_lut6_I0_O)        0.124    18.401 r  f[78]_INST_0_i_6/O
                         net (fo=2, routed)           0.307    18.708    p_274_in
    SLICE_X5Y136         LUT6 (Prop_lut6_I5_O)        0.124    18.832 r  f[83]_INST_0_i_7/O
                         net (fo=1, routed)           0.283    19.115    f[83]_INST_0_i_7_n_0
    SLICE_X7Y136         LUT6 (Prop_lut6_I0_O)        0.124    19.239 r  f[83]_INST_0_i_6/O
                         net (fo=2, routed)           0.164    19.403    p_249_in
    SLICE_X7Y136         LUT6 (Prop_lut6_I5_O)        0.124    19.527 r  f[88]_INST_0_i_7/O
                         net (fo=1, routed)           0.538    20.065    f[88]_INST_0_i_7_n_0
    SLICE_X8Y134         LUT6 (Prop_lut6_I0_O)        0.124    20.189 r  f[88]_INST_0_i_6/O
                         net (fo=2, routed)           0.172    20.361    p_224_in
    SLICE_X8Y134         LUT6 (Prop_lut6_I5_O)        0.124    20.485 r  f[93]_INST_0_i_7/O
                         net (fo=1, routed)           1.055    21.540    f[93]_INST_0_i_7_n_0
    SLICE_X37Y134        LUT6 (Prop_lut6_I0_O)        0.124    21.664 r  f[93]_INST_0_i_6/O
                         net (fo=2, routed)           0.161    21.825    p_199_in
    SLICE_X37Y134        LUT6 (Prop_lut6_I5_O)        0.124    21.949 r  f[98]_INST_0_i_7/O
                         net (fo=1, routed)           1.389    23.338    f[98]_INST_0_i_7_n_0
    SLICE_X66Y126        LUT6 (Prop_lut6_I0_O)        0.124    23.462 r  f[98]_INST_0_i_6/O
                         net (fo=2, routed)           0.694    24.156    p_174_in
    SLICE_X75Y121        LUT6 (Prop_lut6_I5_O)        0.124    24.280 r  f[103]_INST_0_i_7/O
                         net (fo=1, routed)           0.154    24.434    f[103]_INST_0_i_7_n_0
    SLICE_X75Y121        LUT6 (Prop_lut6_I0_O)        0.124    24.558 r  f[103]_INST_0_i_6/O
                         net (fo=2, routed)           0.308    24.867    p_149_in
    SLICE_X77Y121        LUT6 (Prop_lut6_I5_O)        0.124    24.991 r  f[108]_INST_0_i_7/O
                         net (fo=1, routed)           0.792    25.782    f[108]_INST_0_i_7_n_0
    SLICE_X79Y112        LUT6 (Prop_lut6_I0_O)        0.124    25.906 r  f[108]_INST_0_i_6/O
                         net (fo=2, routed)           0.160    26.066    p_124_in
    SLICE_X79Y112        LUT6 (Prop_lut6_I5_O)        0.124    26.190 r  f[113]_INST_0_i_7/O
                         net (fo=1, routed)           0.293    26.483    f[113]_INST_0_i_7_n_0
    SLICE_X79Y110        LUT6 (Prop_lut6_I0_O)        0.124    26.607 r  f[113]_INST_0_i_6/O
                         net (fo=2, routed)           0.162    26.769    p_99_in
    SLICE_X79Y110        LUT6 (Prop_lut6_I5_O)        0.124    26.893 r  f[118]_INST_0_i_7/O
                         net (fo=1, routed)           1.071    27.964    f[118]_INST_0_i_7_n_0
    SLICE_X105Y110       LUT6 (Prop_lut6_I0_O)        0.124    28.088 r  f[118]_INST_0_i_6/O
                         net (fo=2, routed)           0.416    28.504    p_74_in
    SLICE_X105Y109       LUT6 (Prop_lut6_I5_O)        0.124    28.628 r  f[123]_INST_0_i_7/O
                         net (fo=1, routed)           0.354    28.982    f[123]_INST_0_i_7_n_0
    SLICE_X104Y109       LUT6 (Prop_lut6_I0_O)        0.124    29.106 r  f[123]_INST_0_i_6/O
                         net (fo=2, routed)           1.042    30.148    p_49_in
    SLICE_X130Y103       LUT5 (Prop_lut5_I0_O)        0.124    30.272 r  f[123]_INST_0_i_5/O
                         net (fo=1, routed)           0.343    30.616    p_39_in
    SLICE_X131Y103       LUT5 (Prop_lut5_I0_O)        0.124    30.740 r  f[123]_INST_0_i_4/O
                         net (fo=2, routed)           0.361    31.101    p_29_in
    SLICE_X130Y103       LUT5 (Prop_lut5_I0_O)        0.124    31.225 r  f[124]_INST_0_i_4/O
                         net (fo=2, routed)           1.095    32.320    p_19_in
    SLICE_X155Y101       LUT5 (Prop_lut5_I4_O)        0.124    32.444 r  f[125]_INST_0_i_1/O
                         net (fo=1, routed)           1.930    34.374    f[125]_INST_0_i_1_n_0
    U4                   OBUF (Prop_obuf_I_O)         2.633    37.007 r  f[125]_INST_0/O
                         net (fo=0)                   0.000    37.007    f[125]
    U4                                                                r  f[125] (OUT)
  -------------------------------------------------------------------    -------------------

                         max delay                    5.000     5.000    
                         output delay                -0.000     5.000    
  -------------------------------------------------------------------
                         required time                          5.000    
                         arrival time                         -37.007    
  -------------------------------------------------------------------
                         slack                                -32.007    





