Copyright 1986-2022 Xilinx, Inc. All Rights Reserved. Copyright 2022-2024 Advanced Micro Devices, Inc. All Rights Reserved.
------------------------------------------------------------------------------------------------------------------------------------------------------------------
| Tool Version : Vivado v.2024.1 (lin64) Build 5076996 Wed May 22 18:36:09 MDT 2024
| Date         : Tue Apr 21 17:10:52 2026
| Host         : MSI running 64-bit Ubuntu 22.04.5 LTS
| Command      : report_drc -file /home/cian/Masterproef/project/results/run_lut_insertion/2026-04-21_17-04-29/baseline_impl/reports/post_route_drc_timingexp.rpt
| Design       : top
| Device       : xcu200-fsgd2104-2-e
| Speed File   : -2
| Design State : Fully Routed
------------------------------------------------------------------------------------------------------------------------------------------------------------------

Report DRC

Table of Contents
-----------------
1. REPORT SUMMARY
2. REPORT DETAILS

1. REPORT SUMMARY
-----------------
            Netlist: top
          Floorplan: design_1
      Design limits: <entire design considered>
           Ruledeck: default
             Max violations: <unlimited>
             Violations found: 2
+--------+------------------+----------------------------+------------+
| Rule   | Severity         | Description                | Violations |
+--------+------------------+----------------------------+------------+
| NSTD-1 | Critical Warning | Unspecified I/O Standard   | 1          |
| UCIO-1 | Critical Warning | Unconstrained Logical Port | 1          |
+--------+------------------+----------------------------+------------+

2. REPORT DETAILS
-----------------
NSTD-1#1 Critical Warning
Unspecified I/O Standard  
385 out of 385 logical ports use I/O standard (IOSTANDARD) value 'DEFAULT', instead of a user assigned specific value. This may cause I/O contention or incompatibility with the board power or connectivity affecting performance, signal integrity or in extreme cases cause damage to the device or the components to which it is connected. To correct this violation, specify all I/O standards. This design will fail to generate a bitstream unless all logical ports have a user specified I/O standard value defined. To allow bitstream creation with unspecified I/O standard values (not recommended), use this command: set_property SEVERITY {Warning} [get_drc_checks NSTD-1].  NOTE: When using the Vivado Runs infrastructure (e.g. launch_runs Tcl command), add this command to a .tcl file and add that file as a pre-hook for write_bitstream step for the implementation run. Problem ports: a[0], a[100], a[101], a[102], a[103], a[104], a[105], a[106], a[107],
a[108], a[109], a[10], a[110], a[111], a[112]
 (the first 15 of 385 listed).
Related violations: <none>

UCIO-1#1 Critical Warning
Unconstrained Logical Port  
385 out of 385 logical ports have no user assigned specific location constraint (LOC). This may cause I/O contention or incompatibility with the board power or connectivity affecting performance, signal integrity or in extreme cases cause damage to the device or the components to which it is connected. To correct this violation, specify all pin locations. This design will fail to generate a bitstream unless all logical ports have a user specified site LOC constraint defined.  To allow bitstream creation with unspecified pin locations (not recommended), use this command: set_property SEVERITY {Warning} [get_drc_checks UCIO-1].  NOTE: When using the Vivado Runs infrastructure (e.g. launch_runs Tcl command), add this command to a .tcl file and add that file as a pre-hook for write_bitstream step for the implementation run.  Problem ports: a[0], a[100], a[101], a[102], a[103], a[104], a[105], a[106], a[107],
a[108], a[109], a[10], a[110], a[111], a[112]
 (the first 15 of 385 listed).
Related violations: <none>


