Copyright 1986-2022 Xilinx, Inc. All Rights Reserved. Copyright 2022-2023 Advanced Micro Devices, Inc. All Rights Reserved.
---------------------------------------------------------------------------------------------------------------------------------------------------------
| Tool Version : Vivado v.2023.1 (lin64) Build 3865809 Sun May  7 15:04:56 MDT 2023
| Date         : Sun Apr 19 18:38:13 2026
| Host         : MSI running 64-bit Ubuntu 22.04.5 LTS
| Command      : report_drc -file /home/cian/Masterproef/project/results/run_lut_insertion/2026-04-19_18-27-57/final_verification/eco_post_route_drc.rpt
| Design       : top
| Device       : xcu200-fsgd2104-2-e
| Speed File   : -2
| Design State : Partially Routed
---------------------------------------------------------------------------------------------------------------------------------------------------------

Report DRC

Table of Contents
-----------------
1. REPORT SUMMARY
2. REPORT DETAILS

1. REPORT SUMMARY
-----------------
            Netlist: netlist
          Floorplan: checkpoint_test_eco_output
      Design limits: <entire design considered>
           Ruledeck: default
             Max violations: <unlimited>
             Violations found: 6
+-------------+------------------+----------------------------+------------+
| Rule        | Severity         | Description                | Violations |
+-------------+------------------+----------------------------+------------+
| NSTD-1      | Critical Warning | Unspecified I/O Standard   | 1          |
| RTSTAT-2    | Critical Warning | Partially routed nets      | 1          |
| RTSTAT-5    | Critical Warning | Partial antennas           | 1          |
| RTSTAT-6    | Critical Warning | Partial route conflicts    | 1          |
| UCIO-1      | Critical Warning | Unconstrained Logical Port | 1          |
| IOBUSSLRC-1 | Warning          | IO Bus SLR Crossings       | 1          |
+-------------+------------------+----------------------------+------------+

2. REPORT DETAILS
-----------------
NSTD-1#1 Critical Warning
Unspecified I/O Standard  
385 out of 385 logical ports use I/O standard (IOSTANDARD) value 'DEFAULT', instead of a user assigned specific value. This may cause I/O contention or incompatibility with the board power or connectivity affecting performance, signal integrity or in extreme cases cause damage to the device or the components to which it is connected. To correct this violation, specify all I/O standards. This design will fail to generate a bitstream unless all logical ports have a user specified I/O standard value defined. To allow bitstream creation with unspecified I/O standard values (not recommended), use this command: set_property SEVERITY {Warning} [get_drc_checks NSTD-1].  NOTE: When using the Vivado Runs infrastructure (e.g. launch_runs Tcl command), add this command to a .tcl file and add that file as a pre-hook for write_bitstream step for the implementation run. Problem ports: a[127:0], b[127:0], cOut, f[127:0].
Related violations: <none>

RTSTAT-2#1 Critical Warning
Partially routed nets  
2 net(s) are partially routed. The problem bus(es) and/or net(s) are f[88]_INST_0_i_2/O, f[88]_INST_0_i_2_n_0_split.
Related violations: <none>

RTSTAT-5#1 Critical Warning
Partial antennas  
1 net(s) have a partial antenna. The problem bus(es) and/or net(s) are f[88]_INST_0_i_2/O.
Related violations: <none>

RTSTAT-6#1 Critical Warning
Partial route conflicts  
2 net(s) have a partial conflict. The problem bus(es) and/or net(s) are f[88]_INST_0_i_2/O, f[88]_INST_0_i_2_n_0_split.
Related violations: <none>

UCIO-1#1 Critical Warning
Unconstrained Logical Port  
385 out of 385 logical ports have no user assigned specific location constraint (LOC). This may cause I/O contention or incompatibility with the board power or connectivity affecting performance, signal integrity or in extreme cases cause damage to the device or the components to which it is connected. To correct this violation, specify all pin locations. This design will fail to generate a bitstream unless all logical ports have a user specified site LOC constraint defined.  To allow bitstream creation with unspecified pin locations (not recommended), use this command: set_property SEVERITY {Warning} [get_drc_checks UCIO-1].  NOTE: When using the Vivado Runs infrastructure (e.g. launch_runs Tcl command), add this command to a .tcl file and add that file as a pre-hook for write_bitstream step for the implementation run.  Problem ports: a[127:0], b[127:0], cOut, f[127:0].
Related violations: <none>

IOBUSSLRC-1#1 Warning
IO Bus SLR Crossings  
Bus port f spans more than one Super Logic Region (SLR).   Bits placed in SLR 2:  7-9, 78-99.  
  Bits placed in SLR 1:  0-6, 10-77, 100-127.  

Related violations: <none>


