Copyright 1986-2022 Xilinx, Inc. All Rights Reserved. Copyright 2022-2023 Advanced Micro Devices, Inc. All Rights Reserved.
--------------------------------------------------------------------------------------------------------------------------------------------------------------------------------
| Tool Version : Vivado v.2023.1 (lin64) Build 3865809 Sun May  7 15:04:56 MDT 2023
| Date         : Sat Apr 18 16:34:38 2026
| Host         : MSI running 64-bit Ubuntu 22.04.5 LTS
| Command      : report_timing_summary -file /home/cian/Masterproef/project/results/run_lut_insertion/2026-04-18_16-32-35/baseline_impl/reports/post_route_timing_timingexp.rpt
| Design       : top
| Device       : 7a200t-fbg676
| Speed File   : -1  PRODUCTION 1.23 2018-06-13
| Design State : Routed
--------------------------------------------------------------------------------------------------------------------------------------------------------------------------------

Timing Summary Report

------------------------------------------------------------------------------------------------
| Timer Settings
| --------------
------------------------------------------------------------------------------------------------

  Enable Multi Corner Analysis               :  Yes
  Enable Pessimism Removal                   :  Yes
  Pessimism Removal Resolution               :  Nearest Common Node
  Enable Input Delay Default Clock           :  No
  Enable Preset / Clear Arcs                 :  No
  Disable Flight Delays                      :  No
  Ignore I/O Paths                           :  No
  Timing Early Launch at Borrowing Latches   :  No
  Borrow Time for Max Delay Exceptions       :  Yes
  Merge Timing Exceptions                    :  Yes

  Corner  Analyze    Analyze    
  Name    Max Paths  Min Paths  
  ------  ---------  ---------  
  Slow    Yes        Yes        
  Fast    Yes        Yes        


------------------------------------------------------------------------------------------------
| Report Methodology
| ------------------
------------------------------------------------------------------------------------------------

No report available as report_methodology has not been run prior. Run report_methodology on the current design for the summary of methodology violations.



check_timing report

Table of Contents
-----------------
1. checking no_clock (0)
2. checking constant_clock (0)
3. checking pulse_width_clock (0)
4. checking unconstrained_internal_endpoints (0)
5. checking no_input_delay (0)
6. checking no_output_delay (0)
7. checking multiple_clock (0)
8. checking generated_clocks (0)
9. checking loops (0)
10. checking partial_input_delay (256)
11. checking partial_output_delay (0)
12. checking latch_loops (0)

1. checking no_clock (0)
------------------------
 There are 0 register/latch pins with no clock.


2. checking constant_clock (0)
------------------------------
 There are 0 register/latch pins with constant_clock.


3. checking pulse_width_clock (0)
---------------------------------
 There are 0 register/latch pins which need pulse_width check


4. checking unconstrained_internal_endpoints (0)
------------------------------------------------
 There are 0 pins that are not constrained for maximum delay.

 There are 0 pins that are not constrained for maximum delay due to constant clock.


5. checking no_input_delay (0)
------------------------------
 There are 0 input ports with no input delay specified.

 There are 0 input ports with no input delay but user has a false path constraint.


6. checking no_output_delay (0)
-------------------------------
 There are 0 ports with no output delay specified.

 There are 0 ports with no output delay but user has a false path constraint

 There are 0 ports with no output delay but with a timing clock defined on it or propagating through it


7. checking multiple_clock (0)
------------------------------
 There are 0 register/latch pins with multiple clocks.


8. checking generated_clocks (0)
--------------------------------
 There are 0 generated clocks that are not connected to a clock source.


9. checking loops (0)
---------------------
 There are 0 combinational loops in the design.


10. checking partial_input_delay (256)
--------------------------------------
 There are 256 input ports with partial input delay specified. (HIGH)


11. checking partial_output_delay (0)
-------------------------------------
 There are 0 ports with partial output delay specified.


12. checking latch_loops (0)
----------------------------
 There are 0 combinational latch loops in the design through latch input



------------------------------------------------------------------------------------------------
| Design Timing Summary
| ---------------------
------------------------------------------------------------------------------------------------

    WNS(ns)      TNS(ns)  TNS Failing Endpoints  TNS Total Endpoints      WHS(ns)      THS(ns)  THS Failing Endpoints  THS Total Endpoints     WPWS(ns)     TPWS(ns)  TPWS Failing Endpoints  TPWS Total Endpoints  
    -------      -------  ---------------------  -------------------      -------      -------  ---------------------  -------------------     --------     --------  ----------------------  --------------------  
    -31.916    -2651.523                    128                  128           NA           NA                     NA                   NA           NA           NA                      NA                    NA  


Timing constraints are not met.


------------------------------------------------------------------------------------------------
| Clock Summary
| -------------
------------------------------------------------------------------------------------------------


------------------------------------------------------------------------------------------------
| Intra Clock Table
| -----------------
------------------------------------------------------------------------------------------------

Clock             WNS(ns)      TNS(ns)  TNS Failing Endpoints  TNS Total Endpoints      WHS(ns)      THS(ns)  THS Failing Endpoints  THS Total Endpoints     WPWS(ns)     TPWS(ns)  TPWS Failing Endpoints  TPWS Total Endpoints  
-----             -------      -------  ---------------------  -------------------      -------      -------  ---------------------  -------------------     --------     --------  ----------------------  --------------------  


------------------------------------------------------------------------------------------------
| Inter Clock Table
| -----------------
------------------------------------------------------------------------------------------------

From Clock    To Clock          WNS(ns)      TNS(ns)  TNS Failing Endpoints  TNS Total Endpoints      WHS(ns)      THS(ns)  THS Failing Endpoints  THS Total Endpoints  
----------    --------          -------      -------  ---------------------  -------------------      -------      -------  ---------------------  -------------------  


------------------------------------------------------------------------------------------------
| Other Path Groups Table
| -----------------------
------------------------------------------------------------------------------------------------

Path Group        From Clock        To Clock              WNS(ns)      TNS(ns)  TNS Failing Endpoints  TNS Total Endpoints      WHS(ns)      THS(ns)  THS Failing Endpoints  THS Total Endpoints  
----------        ----------        --------              -------      -------  ---------------------  -------------------      -------      -------  ---------------------  -------------------  
**default**       input port clock                        -31.916    -2651.523                    128                  128                                                                        


------------------------------------------------------------------------------------------------
| Timing Details
| --------------
------------------------------------------------------------------------------------------------


---------------------------------------------------------------------------------------------------
Path Group:  **default**
From Clock:  input port clock
  To Clock:  

Setup :          128  Failing Endpoints,  Worst Slack      -31.916ns,  Total Violation    -2651.523ns
Hold  :           NA  Failing Endpoints,  Worst Slack           NA  ,  Total Violation           NA
---------------------------------------------------------------------------------------------------


Max Delay Paths
--------------------------------------------------------------------------------------
Slack (VIOLATED) :        -31.916ns  (required time - arrival time)
  Source:                 a[0]
                            (input port)
  Destination:            f[124]
  Path Group:             **default**
  Path Type:              Max at Slow Process Corner
  Requirement:            5.000ns  (MaxDelay Path 5.000ns)
  Data Path Delay:        36.916ns  (logic 9.889ns (26.788%)  route 27.027ns (73.212%))
  Logic Levels:           53  (IBUF=1 LUT3=1 LUT5=3 LUT6=47 OBUF=1)
  Output Delay:           0.000ns
  Timing Exception:       MaxDelay Path 5.000ns -datapath_only

    Location             Delay type                Incr(ns)  Path(ns)    Netlist Resource(s)
  -------------------------------------------------------------------    -------------------
    V9                                                0.000     0.000 f  a[0] (IN)
                         net (fo=0)                   0.000     0.000    a[0]
    V9                   IBUF (Prop_ibuf_I_O)         0.930     0.930 f  f[0]_INST_0_i_3/O
                         net (fo=4, routed)           4.531     5.461    f[0]_INST_0_i_3_n_0
    SLICE_X39Y108        LUT6 (Prop_lut6_I0_O)        0.124     5.585 r  f[3]_INST_0_i_4/O
                         net (fo=4, routed)           0.335     5.920    p_624_in
    SLICE_X37Y108        LUT6 (Prop_lut6_I5_O)        0.124     6.044 r  f[13]_INST_0_i_7/O
                         net (fo=1, routed)           0.313     6.357    f[13]_INST_0_i_7_n_0
    SLICE_X36Y109        LUT6 (Prop_lut6_I0_O)        0.124     6.481 r  f[13]_INST_0_i_6/O
                         net (fo=2, routed)           0.313     6.794    p_599_in
    SLICE_X36Y110        LUT6 (Prop_lut6_I5_O)        0.124     6.918 r  f[18]_INST_0_i_7/O
                         net (fo=1, routed)           0.165     7.083    f[18]_INST_0_i_7_n_0
    SLICE_X36Y110        LUT6 (Prop_lut6_I0_O)        0.124     7.207 r  f[18]_INST_0_i_6/O
                         net (fo=2, routed)           0.417     7.624    p_574_in
    SLICE_X37Y110        LUT6 (Prop_lut6_I5_O)        0.124     7.748 r  f[23]_INST_0_i_7/O
                         net (fo=1, routed)           0.305     8.052    f[23]_INST_0_i_7_n_0
    SLICE_X36Y112        LUT6 (Prop_lut6_I0_O)        0.124     8.176 r  f[23]_INST_0_i_6/O
                         net (fo=2, routed)           0.844     9.021    p_549_in
    SLICE_X23Y116        LUT6 (Prop_lut6_I5_O)        0.124     9.145 r  f[28]_INST_0_i_7/O
                         net (fo=1, routed)           0.154     9.299    f[28]_INST_0_i_7_n_0
    SLICE_X23Y116        LUT6 (Prop_lut6_I0_O)        0.124     9.423 r  f[28]_INST_0_i_6/O
                         net (fo=2, routed)           0.314     9.737    p_524_in
    SLICE_X21Y116        LUT6 (Prop_lut6_I5_O)        0.124     9.861 r  f[33]_INST_0_i_7/O
                         net (fo=1, routed)           0.516    10.377    f[33]_INST_0_i_7_n_0
    SLICE_X17Y121        LUT6 (Prop_lut6_I0_O)        0.124    10.501 r  f[33]_INST_0_i_6/O
                         net (fo=2, routed)           0.161    10.661    p_499_in
    SLICE_X17Y121        LUT6 (Prop_lut6_I5_O)        0.124    10.785 r  f[38]_INST_0_i_7/O
                         net (fo=1, routed)           0.734    11.519    f[38]_INST_0_i_7_n_0
    SLICE_X5Y121         LUT6 (Prop_lut6_I0_O)        0.124    11.643 r  f[38]_INST_0_i_6/O
                         net (fo=2, routed)           0.160    11.803    p_474_in
    SLICE_X5Y121         LUT6 (Prop_lut6_I5_O)        0.124    11.927 r  f[43]_INST_0_i_7/O
                         net (fo=1, routed)           0.435    12.362    f[43]_INST_0_i_7_n_0
    SLICE_X5Y124         LUT6 (Prop_lut6_I0_O)        0.124    12.486 r  f[43]_INST_0_i_6/O
                         net (fo=2, routed)           0.161    12.647    p_449_in
    SLICE_X5Y124         LUT6 (Prop_lut6_I5_O)        0.124    12.771 r  f[48]_INST_0_i_7/O
                         net (fo=1, routed)           0.661    13.432    f[48]_INST_0_i_7_n_0
    SLICE_X5Y133         LUT6 (Prop_lut6_I0_O)        0.124    13.556 r  f[48]_INST_0_i_6/O
                         net (fo=2, routed)           0.166    13.722    p_424_in
    SLICE_X5Y133         LUT6 (Prop_lut6_I5_O)        0.124    13.846 r  f[53]_INST_0_i_7/O
                         net (fo=1, routed)           0.154    14.000    f[53]_INST_0_i_7_n_0
    SLICE_X5Y133         LUT6 (Prop_lut6_I0_O)        0.124    14.124 r  f[53]_INST_0_i_6/O
                         net (fo=2, routed)           0.442    14.566    p_399_in
    SLICE_X1Y134         LUT6 (Prop_lut6_I5_O)        0.124    14.690 r  f[58]_INST_0_i_7/O
                         net (fo=1, routed)           0.298    14.988    f[58]_INST_0_i_7_n_0
    SLICE_X1Y136         LUT6 (Prop_lut6_I0_O)        0.124    15.112 r  f[58]_INST_0_i_6/O
                         net (fo=2, routed)           0.294    15.406    p_374_in
    SLICE_X3Y136         LUT6 (Prop_lut6_I5_O)        0.124    15.530 r  f[63]_INST_0_i_7/O
                         net (fo=1, routed)           0.289    15.819    f[63]_INST_0_i_7_n_0
    SLICE_X3Y137         LUT6 (Prop_lut6_I0_O)        0.124    15.943 r  f[63]_INST_0_i_6/O
                         net (fo=2, routed)           0.291    16.234    p_349_in
    SLICE_X1Y137         LUT6 (Prop_lut6_I5_O)        0.124    16.358 r  f[68]_INST_0_i_7/O
                         net (fo=1, routed)           0.151    16.510    f[68]_INST_0_i_7_n_0
    SLICE_X1Y137         LUT6 (Prop_lut6_I0_O)        0.124    16.634 r  f[68]_INST_0_i_6/O
                         net (fo=2, routed)           0.295    16.929    p_324_in
    SLICE_X3Y137         LUT6 (Prop_lut6_I5_O)        0.124    17.053 r  f[73]_INST_0_i_7/O
                         net (fo=1, routed)           0.302    17.355    f[73]_INST_0_i_7_n_0
    SLICE_X2Y136         LUT6 (Prop_lut6_I0_O)        0.124    17.479 r  f[73]_INST_0_i_6/O
                         net (fo=2, routed)           0.177    17.655    p_299_in
    SLICE_X2Y136         LUT6 (Prop_lut6_I5_O)        0.124    17.779 r  f[78]_INST_0_i_7/O
                         net (fo=1, routed)           0.295    18.075    f[78]_INST_0_i_7_n_0
    SLICE_X3Y136         LUT6 (Prop_lut6_I0_O)        0.124    18.199 r  f[78]_INST_0_i_6/O
                         net (fo=2, routed)           0.307    18.506    p_274_in
    SLICE_X5Y136         LUT6 (Prop_lut6_I5_O)        0.124    18.630 r  f[83]_INST_0_i_7/O
                         net (fo=1, routed)           0.283    18.913    f[83]_INST_0_i_7_n_0
    SLICE_X7Y136         LUT6 (Prop_lut6_I0_O)        0.124    19.037 r  f[83]_INST_0_i_6/O
                         net (fo=2, routed)           0.164    19.201    p_249_in
    SLICE_X7Y136         LUT6 (Prop_lut6_I5_O)        0.124    19.325 r  f[88]_INST_0_i_7/O
                         net (fo=1, routed)           0.538    19.863    f[88]_INST_0_i_7_n_0
    SLICE_X8Y134         LUT6 (Prop_lut6_I0_O)        0.124    19.987 r  f[88]_INST_0_i_6/O
                         net (fo=2, routed)           0.172    20.159    p_224_in
    SLICE_X8Y134         LUT6 (Prop_lut6_I5_O)        0.124    20.283 r  f[93]_INST_0_i_7/O
                         net (fo=1, routed)           1.055    21.338    f[93]_INST_0_i_7_n_0
    SLICE_X37Y134        LUT6 (Prop_lut6_I0_O)        0.124    21.462 r  f[93]_INST_0_i_6/O
                         net (fo=2, routed)           0.161    21.623    p_199_in
    SLICE_X37Y134        LUT6 (Prop_lut6_I5_O)        0.124    21.747 r  f[98]_INST_0_i_7/O
                         net (fo=1, routed)           1.389    23.136    f[98]_INST_0_i_7_n_0
    SLICE_X66Y126        LUT6 (Prop_lut6_I0_O)        0.124    23.260 r  f[98]_INST_0_i_6/O
                         net (fo=2, routed)           0.694    23.954    p_174_in
    SLICE_X75Y121        LUT6 (Prop_lut6_I5_O)        0.124    24.078 r  f[103]_INST_0_i_7/O
                         net (fo=1, routed)           0.154    24.232    f[103]_INST_0_i_7_n_0
    SLICE_X75Y121        LUT6 (Prop_lut6_I0_O)        0.124    24.356 r  f[103]_INST_0_i_6/O
                         net (fo=2, routed)           0.308    24.665    p_149_in
    SLICE_X77Y121        LUT6 (Prop_lut6_I5_O)        0.124    24.789 r  f[108]_INST_0_i_7/O
                         net (fo=1, routed)           0.792    25.581    f[108]_INST_0_i_7_n_0
    SLICE_X79Y112        LUT6 (Prop_lut6_I0_O)        0.124    25.705 r  f[108]_INST_0_i_6/O
                         net (fo=2, routed)           0.160    25.865    p_124_in
    SLICE_X79Y112        LUT6 (Prop_lut6_I5_O)        0.124    25.989 r  f[113]_INST_0_i_7/O
                         net (fo=1, routed)           0.293    26.281    f[113]_INST_0_i_7_n_0
    SLICE_X79Y110        LUT6 (Prop_lut6_I0_O)        0.124    26.405 r  f[113]_INST_0_i_6/O
                         net (fo=2, routed)           0.162    26.567    p_99_in
    SLICE_X79Y110        LUT6 (Prop_lut6_I5_O)        0.124    26.691 r  f[118]_INST_0_i_7/O
                         net (fo=1, routed)           1.071    27.762    f[118]_INST_0_i_7_n_0
    SLICE_X105Y110       LUT6 (Prop_lut6_I0_O)        0.124    27.886 r  f[118]_INST_0_i_6/O
                         net (fo=2, routed)           0.416    28.302    p_74_in
    SLICE_X105Y109       LUT6 (Prop_lut6_I5_O)        0.124    28.426 r  f[123]_INST_0_i_7/O
                         net (fo=1, routed)           0.354    28.780    f[123]_INST_0_i_7_n_0
    SLICE_X104Y109       LUT6 (Prop_lut6_I0_O)        0.124    28.904 r  f[123]_INST_0_i_6/O
                         net (fo=2, routed)           1.042    29.947    p_49_in
    SLICE_X130Y103       LUT5 (Prop_lut5_I0_O)        0.124    30.071 r  f[123]_INST_0_i_5/O
                         net (fo=1, routed)           0.343    30.414    p_39_in
    SLICE_X131Y103       LUT5 (Prop_lut5_I0_O)        0.124    30.538 r  f[123]_INST_0_i_4/O
                         net (fo=2, routed)           0.363    30.900    p_29_in
    SLICE_X130Y103       LUT5 (Prop_lut5_I0_O)        0.124    31.024 r  f[124]_INST_0_i_4/O
                         net (fo=2, routed)           1.063    32.087    p_19_in
    SLICE_X152Y101       LUT3 (Prop_lut3_I2_O)        0.124    32.211 r  f[124]_INST_0_i_1/O
                         net (fo=1, routed)           2.070    34.281    f[124]_INST_0_i_1_n_0
    V4                   OBUF (Prop_obuf_I_O)         2.635    36.916 r  f[124]_INST_0/O
                         net (fo=0)                   0.000    36.916    f[124]
    V4                                                                r  f[124] (OUT)
  -------------------------------------------------------------------    -------------------

                         max delay                    5.000     5.000    
                         output delay                -0.000     5.000    
  -------------------------------------------------------------------
                         required time                          5.000    
                         arrival time                         -36.916    
  -------------------------------------------------------------------
                         slack                                -31.916    





