Copyright 1986-2022 Xilinx, Inc. All Rights Reserved. Copyright 2022-2023 Advanced Micro Devices, Inc. All Rights Reserved.
--------------------------------------------------------------------------------------------------------------------------------------------------------------------------------
| Tool Version : Vivado v.2023.1 (lin64) Build 3865809 Sun May  7 15:04:56 MDT 2023
| Date         : Sat Apr 18 16:33:47 2026
| Host         : MSI running 64-bit Ubuntu 22.04.5 LTS
| Command      : report_timing_summary -file /home/cian/Masterproef/project/results/run_lut_insertion/2026-04-18_16-32-35/baseline_impl/reports/post_place_timing_timingexp.rpt
| Design       : top
| Device       : 7a200t-fbg676
| Speed File   : -1  PRODUCTION 1.23 2018-06-13
| Design State : Fully Placed
--------------------------------------------------------------------------------------------------------------------------------------------------------------------------------

Timing Summary Report

------------------------------------------------------------------------------------------------
| Timer Settings
| --------------
------------------------------------------------------------------------------------------------

  Enable Multi Corner Analysis               :  Yes
  Enable Pessimism Removal                   :  Yes
  Pessimism Removal Resolution               :  Nearest Common Node
  Enable Input Delay Default Clock           :  No
  Enable Preset / Clear Arcs                 :  No
  Disable Flight Delays                      :  No
  Ignore I/O Paths                           :  No
  Timing Early Launch at Borrowing Latches   :  No
  Borrow Time for Max Delay Exceptions       :  Yes
  Merge Timing Exceptions                    :  Yes

  Corner  Analyze    Analyze    
  Name    Max Paths  Min Paths  
  ------  ---------  ---------  
  Slow    Yes        Yes        
  Fast    Yes        Yes        


------------------------------------------------------------------------------------------------
| Report Methodology
| ------------------
------------------------------------------------------------------------------------------------

No report available as report_methodology has not been run prior. Run report_methodology on the current design for the summary of methodology violations.



check_timing report

Table of Contents
-----------------
1. checking no_clock (0)
2. checking constant_clock (0)
3. checking pulse_width_clock (0)
4. checking unconstrained_internal_endpoints (0)
5. checking no_input_delay (0)
6. checking no_output_delay (0)
7. checking multiple_clock (0)
8. checking generated_clocks (0)
9. checking loops (0)
10. checking partial_input_delay (256)
11. checking partial_output_delay (0)
12. checking latch_loops (0)

1. checking no_clock (0)
------------------------
 There are 0 register/latch pins with no clock.


2. checking constant_clock (0)
------------------------------
 There are 0 register/latch pins with constant_clock.


3. checking pulse_width_clock (0)
---------------------------------
 There are 0 register/latch pins which need pulse_width check


4. checking unconstrained_internal_endpoints (0)
------------------------------------------------
 There are 0 pins that are not constrained for maximum delay.

 There are 0 pins that are not constrained for maximum delay due to constant clock.


5. checking no_input_delay (0)
------------------------------
 There are 0 input ports with no input delay specified.

 There are 0 input ports with no input delay but user has a false path constraint.


6. checking no_output_delay (0)
-------------------------------
 There are 0 ports with no output delay specified.

 There are 0 ports with no output delay but user has a false path constraint

 There are 0 ports with no output delay but with a timing clock defined on it or propagating through it


7. checking multiple_clock (0)
------------------------------
 There are 0 register/latch pins with multiple clocks.


8. checking generated_clocks (0)
--------------------------------
 There are 0 generated clocks that are not connected to a clock source.


9. checking loops (0)
---------------------
 There are 0 combinational loops in the design.


10. checking partial_input_delay (256)
--------------------------------------
 There are 256 input ports with partial input delay specified. (HIGH)


11. checking partial_output_delay (0)
-------------------------------------
 There are 0 ports with partial output delay specified.


12. checking latch_loops (0)
----------------------------
 There are 0 combinational latch loops in the design through latch input



------------------------------------------------------------------------------------------------
| Design Timing Summary
| ---------------------
------------------------------------------------------------------------------------------------

    WNS(ns)      TNS(ns)  TNS Failing Endpoints  TNS Total Endpoints      WHS(ns)      THS(ns)  THS Failing Endpoints  THS Total Endpoints     WPWS(ns)     TPWS(ns)  TPWS Failing Endpoints  TPWS Total Endpoints  
    -------      -------  ---------------------  -------------------      -------      -------  ---------------------  -------------------     --------     --------  ----------------------  --------------------  
    -33.332    -2915.515                    128                  128           NA           NA                     NA                   NA           NA           NA                      NA                    NA  


Timing constraints are not met.


------------------------------------------------------------------------------------------------
| Clock Summary
| -------------
------------------------------------------------------------------------------------------------


------------------------------------------------------------------------------------------------
| Intra Clock Table
| -----------------
------------------------------------------------------------------------------------------------

Clock             WNS(ns)      TNS(ns)  TNS Failing Endpoints  TNS Total Endpoints      WHS(ns)      THS(ns)  THS Failing Endpoints  THS Total Endpoints     WPWS(ns)     TPWS(ns)  TPWS Failing Endpoints  TPWS Total Endpoints  
-----             -------      -------  ---------------------  -------------------      -------      -------  ---------------------  -------------------     --------     --------  ----------------------  --------------------  


------------------------------------------------------------------------------------------------
| Inter Clock Table
| -----------------
------------------------------------------------------------------------------------------------

From Clock    To Clock          WNS(ns)      TNS(ns)  TNS Failing Endpoints  TNS Total Endpoints      WHS(ns)      THS(ns)  THS Failing Endpoints  THS Total Endpoints  
----------    --------          -------      -------  ---------------------  -------------------      -------      -------  ---------------------  -------------------  


------------------------------------------------------------------------------------------------
| Other Path Groups Table
| -----------------------
------------------------------------------------------------------------------------------------

Path Group        From Clock        To Clock              WNS(ns)      TNS(ns)  TNS Failing Endpoints  TNS Total Endpoints      WHS(ns)      THS(ns)  THS Failing Endpoints  THS Total Endpoints  
----------        ----------        --------              -------      -------  ---------------------  -------------------      -------      -------  ---------------------  -------------------  
**default**       input port clock                        -33.332    -2915.515                    128                  128                                                                        


------------------------------------------------------------------------------------------------
| Timing Details
| --------------
------------------------------------------------------------------------------------------------


---------------------------------------------------------------------------------------------------
Path Group:  **default**
From Clock:  input port clock
  To Clock:  

Setup :          128  Failing Endpoints,  Worst Slack      -33.332ns,  Total Violation    -2915.515ns
Hold  :           NA  Failing Endpoints,  Worst Slack           NA  ,  Total Violation           NA
---------------------------------------------------------------------------------------------------


Max Delay Paths
--------------------------------------------------------------------------------------
Slack (VIOLATED) :        -33.332ns  (required time - arrival time)
  Source:                 a[0]
                            (input port)
  Destination:            f[122]
  Path Group:             **default**
  Path Type:              Max at Slow Process Corner
  Requirement:            5.000ns  (MaxDelay Path 5.000ns)
  Data Path Delay:        38.332ns  (logic 9.795ns (25.553%)  route 28.537ns (74.447%))
  Logic Levels:           52  (IBUF=1 LUT5=5 LUT6=45 OBUF=1)
  Output Delay:           0.000ns
  Timing Exception:       MaxDelay Path 5.000ns -datapath_only

    Location             Delay type                Incr(ns)  Path(ns)    Netlist Resource(s)
  -------------------------------------------------------------------    -------------------
    V9                                                0.000     0.000 f  a[0] (IN)
                         net (fo=0)                   0.000     0.000    a[0]
    V9                   IBUF (Prop_ibuf_I_O)         0.930     0.930 f  f[0]_INST_0_i_3/O
                         net (fo=4, estimated)        5.378     6.308    f[0]_INST_0_i_3_n_0
    SLICE_X39Y108        LUT6 (Prop_lut6_I0_O)        0.124     6.432 r  f[3]_INST_0_i_4/O
                         net (fo=4, estimated)        0.321     6.753    p_624_in
    SLICE_X37Y108        LUT6 (Prop_lut6_I5_O)        0.124     6.877 r  f[13]_INST_0_i_7/O
                         net (fo=1, estimated)        0.314     7.191    f[13]_INST_0_i_7_n_0
    SLICE_X36Y109        LUT6 (Prop_lut6_I0_O)        0.124     7.315 r  f[13]_INST_0_i_6/O
                         net (fo=2, estimated)        0.314     7.629    p_599_in
    SLICE_X36Y110        LUT6 (Prop_lut6_I5_O)        0.124     7.753 r  f[18]_INST_0_i_7/O
                         net (fo=1, estimated)        0.167     7.920    f[18]_INST_0_i_7_n_0
    SLICE_X36Y110        LUT6 (Prop_lut6_I0_O)        0.124     8.044 r  f[18]_INST_0_i_6/O
                         net (fo=2, estimated)        0.352     8.396    p_574_in
    SLICE_X37Y110        LUT6 (Prop_lut6_I5_O)        0.124     8.520 r  f[23]_INST_0_i_7/O
                         net (fo=1, estimated)        0.306     8.826    f[23]_INST_0_i_7_n_0
    SLICE_X36Y112        LUT6 (Prop_lut6_I0_O)        0.124     8.950 r  f[23]_INST_0_i_6/O
                         net (fo=2, estimated)        0.910     9.860    p_549_in
    SLICE_X23Y116        LUT6 (Prop_lut6_I5_O)        0.124     9.984 r  f[28]_INST_0_i_7/O
                         net (fo=1, estimated)        0.157    10.141    f[28]_INST_0_i_7_n_0
    SLICE_X23Y116        LUT6 (Prop_lut6_I0_O)        0.124    10.265 r  f[28]_INST_0_i_6/O
                         net (fo=2, estimated)        0.311    10.576    p_524_in
    SLICE_X21Y116        LUT6 (Prop_lut6_I5_O)        0.124    10.700 r  f[33]_INST_0_i_7/O
                         net (fo=1, estimated)        0.514    11.214    f[33]_INST_0_i_7_n_0
    SLICE_X17Y121        LUT6 (Prop_lut6_I0_O)        0.124    11.338 r  f[33]_INST_0_i_6/O
                         net (fo=2, estimated)        0.162    11.500    p_499_in
    SLICE_X17Y121        LUT6 (Prop_lut6_I5_O)        0.124    11.624 r  f[38]_INST_0_i_7/O
                         net (fo=1, estimated)        0.737    12.361    f[38]_INST_0_i_7_n_0
    SLICE_X5Y121         LUT6 (Prop_lut6_I0_O)        0.124    12.485 r  f[38]_INST_0_i_6/O
                         net (fo=2, estimated)        0.162    12.647    p_474_in
    SLICE_X5Y121         LUT6 (Prop_lut6_I5_O)        0.124    12.771 r  f[43]_INST_0_i_7/O
                         net (fo=1, estimated)        0.437    13.208    f[43]_INST_0_i_7_n_0
    SLICE_X5Y124         LUT6 (Prop_lut6_I0_O)        0.124    13.332 r  f[43]_INST_0_i_6/O
                         net (fo=2, estimated)        0.162    13.494    p_449_in
    SLICE_X5Y124         LUT6 (Prop_lut6_I5_O)        0.124    13.618 r  f[48]_INST_0_i_7/O
                         net (fo=1, estimated)        0.631    14.249    f[48]_INST_0_i_7_n_0
    SLICE_X5Y133         LUT6 (Prop_lut6_I0_O)        0.124    14.373 r  f[48]_INST_0_i_6/O
                         net (fo=2, estimated)        0.165    14.538    p_424_in
    SLICE_X5Y133         LUT6 (Prop_lut6_I5_O)        0.124    14.662 r  f[53]_INST_0_i_7/O
                         net (fo=1, estimated)        0.156    14.818    f[53]_INST_0_i_7_n_0
    SLICE_X5Y133         LUT6 (Prop_lut6_I0_O)        0.124    14.942 r  f[53]_INST_0_i_6/O
                         net (fo=2, estimated)        0.440    15.382    p_399_in
    SLICE_X1Y134         LUT6 (Prop_lut6_I5_O)        0.124    15.506 r  f[58]_INST_0_i_7/O
                         net (fo=1, estimated)        0.299    15.805    f[58]_INST_0_i_7_n_0
    SLICE_X1Y136         LUT6 (Prop_lut6_I0_O)        0.124    15.929 r  f[58]_INST_0_i_6/O
                         net (fo=2, estimated)        0.295    16.224    p_374_in
    SLICE_X3Y136         LUT6 (Prop_lut6_I5_O)        0.124    16.348 r  f[63]_INST_0_i_7/O
                         net (fo=1, estimated)        0.291    16.639    f[63]_INST_0_i_7_n_0
    SLICE_X3Y137         LUT6 (Prop_lut6_I0_O)        0.124    16.763 r  f[63]_INST_0_i_6/O
                         net (fo=2, estimated)        0.295    17.058    p_349_in
    SLICE_X1Y137         LUT6 (Prop_lut6_I5_O)        0.124    17.182 r  f[68]_INST_0_i_7/O
                         net (fo=1, estimated)        0.154    17.336    f[68]_INST_0_i_7_n_0
    SLICE_X1Y137         LUT6 (Prop_lut6_I0_O)        0.124    17.460 r  f[68]_INST_0_i_6/O
                         net (fo=2, estimated)        0.295    17.755    p_324_in
    SLICE_X3Y137         LUT6 (Prop_lut6_I5_O)        0.124    17.879 r  f[73]_INST_0_i_7/O
                         net (fo=1, estimated)        0.303    18.182    f[73]_INST_0_i_7_n_0
    SLICE_X2Y136         LUT6 (Prop_lut6_I0_O)        0.124    18.306 r  f[73]_INST_0_i_6/O
                         net (fo=2, estimated)        0.178    18.484    p_299_in
    SLICE_X2Y136         LUT6 (Prop_lut6_I5_O)        0.124    18.608 r  f[78]_INST_0_i_7/O
                         net (fo=1, estimated)        0.297    18.905    f[78]_INST_0_i_7_n_0
    SLICE_X3Y136         LUT6 (Prop_lut6_I0_O)        0.124    19.029 r  f[78]_INST_0_i_6/O
                         net (fo=2, estimated)        0.306    19.335    p_274_in
    SLICE_X5Y136         LUT6 (Prop_lut6_I5_O)        0.124    19.459 r  f[83]_INST_0_i_7/O
                         net (fo=1, estimated)        0.285    19.744    f[83]_INST_0_i_7_n_0
    SLICE_X7Y136         LUT6 (Prop_lut6_I0_O)        0.124    19.868 r  f[83]_INST_0_i_6/O
                         net (fo=2, estimated)        0.165    20.033    p_249_in
    SLICE_X7Y136         LUT6 (Prop_lut6_I5_O)        0.124    20.157 r  f[88]_INST_0_i_7/O
                         net (fo=1, estimated)        0.541    20.698    f[88]_INST_0_i_7_n_0
    SLICE_X8Y134         LUT6 (Prop_lut6_I0_O)        0.124    20.822 r  f[88]_INST_0_i_6/O
                         net (fo=2, estimated)        0.174    20.996    p_224_in
    SLICE_X8Y134         LUT6 (Prop_lut6_I5_O)        0.124    21.120 r  f[93]_INST_0_i_7/O
                         net (fo=1, estimated)        1.033    22.153    f[93]_INST_0_i_7_n_0
    SLICE_X37Y134        LUT6 (Prop_lut6_I0_O)        0.124    22.277 r  f[93]_INST_0_i_6/O
                         net (fo=2, estimated)        0.162    22.439    p_199_in
    SLICE_X37Y134        LUT6 (Prop_lut6_I5_O)        0.124    22.563 r  f[98]_INST_0_i_7/O
                         net (fo=1, estimated)        1.329    23.892    f[98]_INST_0_i_7_n_0
    SLICE_X66Y126        LUT6 (Prop_lut6_I0_O)        0.124    24.016 r  f[98]_INST_0_i_6/O
                         net (fo=2, estimated)        0.664    24.680    p_174_in
    SLICE_X75Y121        LUT6 (Prop_lut6_I5_O)        0.124    24.804 r  f[103]_INST_0_i_7/O
                         net (fo=1, estimated)        0.157    24.961    f[103]_INST_0_i_7_n_0
    SLICE_X75Y121        LUT6 (Prop_lut6_I0_O)        0.124    25.085 r  f[103]_INST_0_i_6/O
                         net (fo=2, estimated)        0.306    25.391    p_149_in
    SLICE_X77Y121        LUT6 (Prop_lut6_I5_O)        0.124    25.515 r  f[108]_INST_0_i_7/O
                         net (fo=1, estimated)        0.801    26.316    f[108]_INST_0_i_7_n_0
    SLICE_X79Y112        LUT6 (Prop_lut6_I0_O)        0.124    26.440 r  f[108]_INST_0_i_6/O
                         net (fo=2, estimated)        0.162    26.602    p_124_in
    SLICE_X79Y112        LUT6 (Prop_lut6_I5_O)        0.124    26.726 r  f[113]_INST_0_i_7/O
                         net (fo=1, estimated)        0.294    27.020    f[113]_INST_0_i_7_n_0
    SLICE_X79Y110        LUT6 (Prop_lut6_I0_O)        0.124    27.144 r  f[113]_INST_0_i_6/O
                         net (fo=2, estimated)        0.162    27.306    p_99_in
    SLICE_X79Y110        LUT6 (Prop_lut6_I5_O)        0.124    27.430 r  f[118]_INST_0_i_7/O
                         net (fo=1, estimated)        1.076    28.506    f[118]_INST_0_i_7_n_0
    SLICE_X105Y110       LUT6 (Prop_lut6_I0_O)        0.124    28.630 r  f[118]_INST_0_i_6/O
                         net (fo=2, estimated)        0.304    28.934    p_74_in
    SLICE_X105Y110       LUT5 (Prop_lut5_I0_O)        0.124    29.058 r  f[118]_INST_0_i_5/O
                         net (fo=1, estimated)        0.800    29.858    p_64_in
    SLICE_X105Y108       LUT5 (Prop_lut5_I0_O)        0.124    29.982 r  f[118]_INST_0_i_4/O
                         net (fo=2, estimated)        0.959    30.941    p_54_in
    SLICE_X108Y107       LUT5 (Prop_lut5_I0_O)        0.124    31.065 r  f[119]_INST_0_i_4/O
                         net (fo=3, estimated)        1.486    32.551    p_44_in
    SLICE_X134Y102       LUT5 (Prop_lut5_I0_O)        0.124    32.675 r  f[121]_INST_0_i_4/O
                         net (fo=2, estimated)        0.311    32.986    p_34_in
    SLICE_X137Y102       LUT5 (Prop_lut5_I4_O)        0.124    33.110 r  f[122]_INST_0_i_1/O
                         net (fo=1, estimated)        2.557    35.667    f[122]_INST_0_i_1_n_0
    W1                   OBUF (Prop_obuf_I_O)         2.665    38.332 r  f[122]_INST_0/O
                         net (fo=0)                   0.000    38.332    f[122]
    W1                                                                r  f[122] (OUT)
  -------------------------------------------------------------------    -------------------

                         max delay                    5.000     5.000    
                         output delay                -0.000     5.000    
  -------------------------------------------------------------------
                         required time                          5.000    
                         arrival time                         -38.332    
  -------------------------------------------------------------------
                         slack                                -33.332    





